2020-10-24 00:43:01 INFO  CarritoComprasApiApplication:55 - Starting CarritoComprasApiApplication on DESKTOP-2BQM9MQ with PID 3524 (C:\Users\Manuela\Desktop\Manuela\Proyectos\carrito-compras-api\target\classes started by Manuela in C:\Users\Manuela\Desktop\Manuela\Proyectos\carrito-compras-api)
2020-10-24 00:43:01 INFO  CarritoComprasApiApplication:651 - No active profile set, falling back to default profiles: default
2020-10-24 00:43:02 INFO  DevToolsPropertyDefaultsPostProcessor:225 - Devtools property defaults active! Set 'spring.devtools.add-properties' to 'false' to disable
2020-10-24 00:43:03 INFO  RepositoryConfigurationDelegate:127 - Bootstrapping Spring Data JPA repositories in DEFERRED mode.
2020-10-24 00:43:03 INFO  RepositoryConfigurationDelegate:187 - Finished Spring Data repository scanning in 91ms. Found 4 JPA repository interfaces.
2020-10-24 00:43:04 INFO  TomcatWebServer:108 - Tomcat initialized with port(s): 9082 (http)
2020-10-24 00:43:04 INFO  ServletWebServerApplicationContext:285 - Root WebApplicationContext: initialization completed in 2469 ms
2020-10-24 00:43:04 INFO  ThreadPoolTaskExecutor:181 - Initializing ExecutorService 'applicationTaskExecutor'
2020-10-24 00:43:04 INFO  LogHelper:31 - HHH000204: Processing PersistenceUnitInfo [name: default]
2020-10-24 00:43:04 INFO  Version:44 - HHH000412: Hibernate ORM core version 5.4.21.Final
2020-10-24 00:43:05 INFO  Version:49 - HCANN000001: Hibernate Commons Annotations {5.1.0.Final}
2020-10-24 00:43:05 WARN  JpaBaseConfiguration$JpaWebConfiguration:220 - spring.jpa.open-in-view is enabled by default. Therefore, database queries may be performed during view rendering. Explicitly configure spring.jpa.open-in-view to disable this warning
2020-10-24 00:43:05 INFO  HikariDataSource:110 - HikariPool-1 - Starting...
2020-10-24 00:43:05 INFO  PropertySourcedRequestMappingHandlerMapping:69 - Mapped URL path [/v2/api-docs] onto method [springfox.documentation.swagger2.web.Swagger2Controller#getDocumentation(String, HttpServletRequest)]
2020-10-24 00:43:05 INFO  HikariDataSource:123 - HikariPool-1 - Start completed.
2020-10-24 00:43:05 INFO  Dialect:170 - HHH000400: Using dialect: org.hibernate.dialect.MySQL5Dialect
2020-10-24 00:43:05 INFO  OptionalLiveReloadServer:58 - LiveReload server is running on port 35729
2020-10-24 00:43:05 INFO  TomcatWebServer:220 - Tomcat started on port(s): 9082 (http) with context path '/carrito/compras/api'
2020-10-24 00:43:05 INFO  DocumentationPluginsBootstrapper:160 - Context refreshed
2020-10-24 00:43:06 INFO  DocumentationPluginsBootstrapper:163 - Found 1 custom documentation plugin(s)
2020-10-24 00:43:06 INFO  ApiListingReferenceScanner:41 - Scanning for api listing references
2020-10-24 00:43:06 INFO  DeferredRepositoryInitializationListener:49 - Triggering deferred initialization of Spring Data repositories…
2020-10-24 00:43:07 INFO  JtaPlatformInitiator:52 - HHH000490: Using JtaPlatform implementation: [org.hibernate.engine.transaction.jta.platform.internal.NoJtaPlatform]
2020-10-24 00:43:07 INFO  LocalContainerEntityManagerFactoryBean:416 - Initialized JPA EntityManagerFactory for persistence unit 'default'
2020-10-24 00:43:08 INFO  DeferredRepositoryInitializationListener:53 - Spring Data repositories initialized!
2020-10-24 00:43:08 INFO  CarritoComprasApiApplication:61 - Started CarritoComprasApiApplication in 6.909 seconds (JVM running for 9.263)
2020-10-24 00:43:29 INFO  DispatcherServlet:525 - Initializing Servlet 'dispatcherServlet'
2020-10-24 00:43:29 INFO  DispatcherServlet:547 - Completed initialization in 12 ms
2020-10-24 00:43:29 INFO  ClienteController:46 - Sat Oct 24 00:43:29 COT 2020 Exitoso, se creo un nuevo cliente
2020-10-24 00:43:53 INFO  ClienteController:46 - Sat Oct 24 00:43:53 COT 2020 Exitoso, se creo un nuevo cliente
2020-10-24 00:57:10 INFO  LocalContainerEntityManagerFactoryBean:598 - Closing JPA EntityManagerFactory for persistence unit 'default'
2020-10-24 00:57:10 INFO  ThreadPoolTaskExecutor:218 - Shutting down ExecutorService 'applicationTaskExecutor'
2020-10-24 00:57:10 INFO  HikariDataSource:350 - HikariPool-1 - Shutdown initiated...
2020-10-24 00:57:10 INFO  HikariDataSource:352 - HikariPool-1 - Shutdown completed.
2020-10-24 00:57:10 INFO  DevToolsPropertyDefaultsPostProcessor:225 - Devtools property defaults active! Set 'spring.devtools.add-properties' to 'false' to disable
2020-10-24 00:57:10 INFO  CarritoComprasApiApplication:55 - Starting CarritoComprasApiApplication on DESKTOP-2BQM9MQ with PID 3524 (C:\Users\Manuela\Desktop\Manuela\Proyectos\carrito-compras-api\target\classes started by Manuela in C:\Users\Manuela\Desktop\Manuela\Proyectos\carrito-compras-api)
2020-10-24 00:57:10 INFO  CarritoComprasApiApplication:651 - No active profile set, falling back to default profiles: default
2020-10-24 00:57:11 INFO  RepositoryConfigurationDelegate:127 - Bootstrapping Spring Data JPA repositories in DEFERRED mode.
2020-10-24 00:57:11 INFO  RepositoryConfigurationDelegate:187 - Finished Spring Data repository scanning in 62ms. Found 4 JPA repository interfaces.
2020-10-24 00:57:11 INFO  TomcatWebServer:108 - Tomcat initialized with port(s): 9082 (http)
2020-10-24 00:57:11 INFO  ServletWebServerApplicationContext:285 - Root WebApplicationContext: initialization completed in 757 ms
2020-10-24 00:57:11 INFO  ThreadPoolTaskExecutor:181 - Initializing ExecutorService 'applicationTaskExecutor'
2020-10-24 00:57:11 INFO  LogHelper:31 - HHH000204: Processing PersistenceUnitInfo [name: default]
2020-10-24 00:57:11 INFO  HikariDataSource:110 - HikariPool-2 - Starting...
2020-10-24 00:57:11 INFO  HikariDataSource:123 - HikariPool-2 - Start completed.
2020-10-24 00:57:11 INFO  Dialect:170 - HHH000400: Using dialect: org.hibernate.dialect.MySQL5Dialect
2020-10-24 00:57:11 WARN  JpaBaseConfiguration$JpaWebConfiguration:220 - spring.jpa.open-in-view is enabled by default. Therefore, database queries may be performed during view rendering. Explicitly configure spring.jpa.open-in-view to disable this warning
2020-10-24 00:57:11 INFO  PropertySourcedRequestMappingHandlerMapping:69 - Mapped URL path [/v2/api-docs] onto method [springfox.documentation.swagger2.web.Swagger2Controller#getDocumentation(String, HttpServletRequest)]
2020-10-24 00:57:11 INFO  OptionalLiveReloadServer:58 - LiveReload server is running on port 35729
2020-10-24 00:57:12 INFO  TomcatWebServer:220 - Tomcat started on port(s): 9082 (http) with context path '/carrito/compras/api'
2020-10-24 00:57:12 INFO  DocumentationPluginsBootstrapper:160 - Context refreshed
2020-10-24 00:57:12 INFO  DocumentationPluginsBootstrapper:163 - Found 1 custom documentation plugin(s)
2020-10-24 00:57:12 INFO  ApiListingReferenceScanner:41 - Scanning for api listing references
2020-10-24 00:57:12 INFO  DeferredRepositoryInitializationListener:49 - Triggering deferred initialization of Spring Data repositories…
2020-10-24 00:57:18 INFO  JtaPlatformInitiator:52 - HHH000490: Using JtaPlatform implementation: [org.hibernate.engine.transaction.jta.platform.internal.NoJtaPlatform]
2020-10-24 00:57:18 INFO  LocalContainerEntityManagerFactoryBean:416 - Initialized JPA EntityManagerFactory for persistence unit 'default'
2020-10-24 00:57:18 INFO  DeferredRepositoryInitializationListener:53 - Spring Data repositories initialized!
2020-10-24 00:57:18 INFO  CarritoComprasApiApplication:61 - Started CarritoComprasApiApplication in 8.184 seconds (JVM running for 859.946)
2020-10-24 00:57:18 INFO  ConditionEvaluationDeltaLoggingListener:63 - Condition evaluation unchanged
2020-10-24 09:07:06 INFO  CarritoComprasApiApplication:55 - Starting CarritoComprasApiApplication on DESKTOP-2BQM9MQ with PID 1680 (C:\Users\Manuela\Desktop\Manuela\Proyectos\carrito-compras-api\target\classes started by Manuela in C:\Users\Manuela\Desktop\Manuela\Proyectos\carrito-compras-api)
2020-10-24 09:07:06 INFO  CarritoComprasApiApplication:651 - No active profile set, falling back to default profiles: default
2020-10-24 09:07:07 INFO  DevToolsPropertyDefaultsPostProcessor:225 - Devtools property defaults active! Set 'spring.devtools.add-properties' to 'false' to disable
2020-10-24 09:07:11 INFO  RepositoryConfigurationDelegate:127 - Bootstrapping Spring Data JPA repositories in DEFERRED mode.
2020-10-24 09:07:11 WARN  AnnotationConfigServletWebServerApplicationContext:559 - Exception encountered during context initialization - cancelling refresh attempt: org.springframework.beans.factory.support.BeanDefinitionOverrideException: Invalid bean definition with name 'usuarioRepository' defined in com.carrito.compras.security.repository.UsuarioRepository defined in @EnableJpaRepositories declared on JpaRepositoriesRegistrar.EnableJpaRepositoriesConfiguration: Cannot register bean definition [Root bean: class [org.springframework.data.jpa.repository.support.JpaRepositoryFactoryBean]; scope=; abstract=false; lazyInit=true; autowireMode=0; dependencyCheck=0; autowireCandidate=true; primary=false; factoryBeanName=null; factoryMethodName=null; initMethodName=null; destroyMethodName=null; defined in com.carrito.compras.security.repository.UsuarioRepository defined in @EnableJpaRepositories declared on JpaRepositoriesRegistrar.EnableJpaRepositoriesConfiguration] for bean 'usuarioRepository': There is already [Root bean: class [org.springframework.data.jpa.repository.support.JpaRepositoryFactoryBean]; scope=; abstract=false; lazyInit=true; autowireMode=0; dependencyCheck=0; autowireCandidate=true; primary=false; factoryBeanName=null; factoryMethodName=null; initMethodName=null; destroyMethodName=null; defined in com.carrito.compras.security.repository.UsuarioRepository defined in @EnableJpaRepositories declared on JpaRepositoriesRegistrar.EnableJpaRepositoriesConfiguration] bound.
2020-10-24 09:07:11 INFO  ConditionEvaluationReportLoggingListener:136 - 

Error starting ApplicationContext. To display the conditions report re-run your application with 'debug' enabled.
2020-10-24 09:07:11 ERROR LoggingFailureAnalysisReporter:40 - 

***************************
APPLICATION FAILED TO START
***************************

Description:

The bean 'usuarioRepository', defined in com.carrito.compras.security.repository.UsuarioRepository defined in @EnableJpaRepositories declared on JpaRepositoriesRegistrar.EnableJpaRepositoriesConfiguration, could not be registered. A bean with that name has already been defined in com.carrito.compras.security.repository.UsuarioRepository defined in @EnableJpaRepositories declared on JpaRepositoriesRegistrar.EnableJpaRepositoriesConfiguration and overriding is disabled.

Action:

Consider renaming one of the beans or enabling overriding by setting spring.main.allow-bean-definition-overriding=true

2020-10-24 09:07:56 INFO  CarritoComprasApiApplication:55 - Starting CarritoComprasApiApplication on DESKTOP-2BQM9MQ with PID 15536 (C:\Users\Manuela\Desktop\Manuela\Proyectos\carrito-compras-api\target\classes started by Manuela in C:\Users\Manuela\Desktop\Manuela\Proyectos\carrito-compras-api)
2020-10-24 09:07:56 INFO  CarritoComprasApiApplication:651 - No active profile set, falling back to default profiles: default
2020-10-24 09:07:56 INFO  DevToolsPropertyDefaultsPostProcessor:225 - Devtools property defaults active! Set 'spring.devtools.add-properties' to 'false' to disable
2020-10-24 09:07:57 INFO  RepositoryConfigurationDelegate:127 - Bootstrapping Spring Data JPA repositories in DEFERRED mode.
2020-10-24 09:07:57 WARN  AnnotationConfigServletWebServerApplicationContext:559 - Exception encountered during context initialization - cancelling refresh attempt: org.springframework.beans.factory.support.BeanDefinitionOverrideException: Invalid bean definition with name 'usuarioRepository' defined in com.carrito.compras.security.repository.UsuarioRepository defined in @EnableJpaRepositories declared on JpaRepositoriesRegistrar.EnableJpaRepositoriesConfiguration: Cannot register bean definition [Root bean: class [org.springframework.data.jpa.repository.support.JpaRepositoryFactoryBean]; scope=; abstract=false; lazyInit=true; autowireMode=0; dependencyCheck=0; autowireCandidate=true; primary=false; factoryBeanName=null; factoryMethodName=null; initMethodName=null; destroyMethodName=null; defined in com.carrito.compras.security.repository.UsuarioRepository defined in @EnableJpaRepositories declared on JpaRepositoriesRegistrar.EnableJpaRepositoriesConfiguration] for bean 'usuarioRepository': There is already [Root bean: class [org.springframework.data.jpa.repository.support.JpaRepositoryFactoryBean]; scope=; abstract=false; lazyInit=true; autowireMode=0; dependencyCheck=0; autowireCandidate=true; primary=false; factoryBeanName=null; factoryMethodName=null; initMethodName=null; destroyMethodName=null; defined in com.carrito.compras.security.repository.UsuarioRepository defined in @EnableJpaRepositories declared on JpaRepositoriesRegistrar.EnableJpaRepositoriesConfiguration] bound.
2020-10-24 09:07:57 INFO  ConditionEvaluationReportLoggingListener:136 - 

Error starting ApplicationContext. To display the conditions report re-run your application with 'debug' enabled.
2020-10-24 09:07:57 ERROR LoggingFailureAnalysisReporter:40 - 

***************************
APPLICATION FAILED TO START
***************************

Description:

The bean 'usuarioRepository', defined in com.carrito.compras.security.repository.UsuarioRepository defined in @EnableJpaRepositories declared on JpaRepositoriesRegistrar.EnableJpaRepositoriesConfiguration, could not be registered. A bean with that name has already been defined in com.carrito.compras.security.repository.UsuarioRepository defined in @EnableJpaRepositories declared on JpaRepositoriesRegistrar.EnableJpaRepositoriesConfiguration and overriding is disabled.

Action:

Consider renaming one of the beans or enabling overriding by setting spring.main.allow-bean-definition-overriding=true

2020-10-24 09:09:22 INFO  CarritoComprasApiApplication:55 - Starting CarritoComprasApiApplication on DESKTOP-2BQM9MQ with PID 6276 (C:\Users\Manuela\Desktop\Manuela\Proyectos\carrito-compras-api\target\classes started by Manuela in C:\Users\Manuela\Desktop\Manuela\Proyectos\carrito-compras-api)
2020-10-24 09:09:22 INFO  CarritoComprasApiApplication:651 - No active profile set, falling back to default profiles: default
2020-10-24 09:09:22 INFO  DevToolsPropertyDefaultsPostProcessor:225 - Devtools property defaults active! Set 'spring.devtools.add-properties' to 'false' to disable
2020-10-24 09:09:23 INFO  RepositoryConfigurationDelegate:127 - Bootstrapping Spring Data JPA repositories in DEFERRED mode.
2020-10-24 09:09:23 WARN  AnnotationConfigServletWebServerApplicationContext:559 - Exception encountered during context initialization - cancelling refresh attempt: org.springframework.beans.factory.support.BeanDefinitionOverrideException: Invalid bean definition with name 'usuarioRepository' defined in com.carrito.compras.security.repository.UsuarioRepository defined in @EnableJpaRepositories declared on JpaRepositoriesRegistrar.EnableJpaRepositoriesConfiguration: Cannot register bean definition [Root bean: class [org.springframework.data.jpa.repository.support.JpaRepositoryFactoryBean]; scope=; abstract=false; lazyInit=true; autowireMode=0; dependencyCheck=0; autowireCandidate=true; primary=false; factoryBeanName=null; factoryMethodName=null; initMethodName=null; destroyMethodName=null; defined in com.carrito.compras.security.repository.UsuarioRepository defined in @EnableJpaRepositories declared on JpaRepositoriesRegistrar.EnableJpaRepositoriesConfiguration] for bean 'usuarioRepository': There is already [Root bean: class [org.springframework.data.jpa.repository.support.JpaRepositoryFactoryBean]; scope=; abstract=false; lazyInit=true; autowireMode=0; dependencyCheck=0; autowireCandidate=true; primary=false; factoryBeanName=null; factoryMethodName=null; initMethodName=null; destroyMethodName=null; defined in com.carrito.compras.security.repository.UsuarioRepository defined in @EnableJpaRepositories declared on JpaRepositoriesRegistrar.EnableJpaRepositoriesConfiguration] bound.
2020-10-24 09:09:23 INFO  ConditionEvaluationReportLoggingListener:136 - 

Error starting ApplicationContext. To display the conditions report re-run your application with 'debug' enabled.
2020-10-24 09:09:23 ERROR LoggingFailureAnalysisReporter:40 - 

***************************
APPLICATION FAILED TO START
***************************

Description:

The bean 'usuarioRepository', defined in com.carrito.compras.security.repository.UsuarioRepository defined in @EnableJpaRepositories declared on JpaRepositoriesRegistrar.EnableJpaRepositoriesConfiguration, could not be registered. A bean with that name has already been defined in com.carrito.compras.security.repository.UsuarioRepository defined in @EnableJpaRepositories declared on JpaRepositoriesRegistrar.EnableJpaRepositoriesConfiguration and overriding is disabled.

Action:

Consider renaming one of the beans or enabling overriding by setting spring.main.allow-bean-definition-overriding=true

2020-10-24 09:12:47 INFO  CarritoComprasApiApplication:55 - Starting CarritoComprasApiApplication on DESKTOP-2BQM9MQ with PID 14512 (C:\Users\Manuela\Desktop\Manuela\Proyectos\carrito-compras-api\target\classes started by Manuela in C:\Users\Manuela\Desktop\Manuela\Proyectos\carrito-compras-api)
2020-10-24 09:12:47 INFO  CarritoComprasApiApplication:651 - No active profile set, falling back to default profiles: default
2020-10-24 09:12:47 INFO  DevToolsPropertyDefaultsPostProcessor:225 - Devtools property defaults active! Set 'spring.devtools.add-properties' to 'false' to disable
2020-10-24 09:12:48 INFO  RepositoryConfigurationDelegate:127 - Bootstrapping Spring Data JPA repositories in DEFERRED mode.
2020-10-24 09:12:48 WARN  AnnotationConfigServletWebServerApplicationContext:559 - Exception encountered during context initialization - cancelling refresh attempt: org.springframework.beans.factory.support.BeanDefinitionOverrideException: Invalid bean definition with name 'usuarioRepository' defined in com.carrito.compras.security.repository.UsuarioRepository defined in @EnableJpaRepositories declared on JpaRepositoriesRegistrar.EnableJpaRepositoriesConfiguration: Cannot register bean definition [Root bean: class [org.springframework.data.jpa.repository.support.JpaRepositoryFactoryBean]; scope=; abstract=false; lazyInit=true; autowireMode=0; dependencyCheck=0; autowireCandidate=true; primary=false; factoryBeanName=null; factoryMethodName=null; initMethodName=null; destroyMethodName=null; defined in com.carrito.compras.security.repository.UsuarioRepository defined in @EnableJpaRepositories declared on JpaRepositoriesRegistrar.EnableJpaRepositoriesConfiguration] for bean 'usuarioRepository': There is already [Root bean: class [org.springframework.data.jpa.repository.support.JpaRepositoryFactoryBean]; scope=; abstract=false; lazyInit=true; autowireMode=0; dependencyCheck=0; autowireCandidate=true; primary=false; factoryBeanName=null; factoryMethodName=null; initMethodName=null; destroyMethodName=null; defined in com.carrito.compras.security.repository.UsuarioRepository defined in @EnableJpaRepositories declared on JpaRepositoriesRegistrar.EnableJpaRepositoriesConfiguration] bound.
2020-10-24 09:12:48 INFO  ConditionEvaluationReportLoggingListener:136 - 

Error starting ApplicationContext. To display the conditions report re-run your application with 'debug' enabled.
2020-10-24 09:12:48 ERROR LoggingFailureAnalysisReporter:40 - 

***************************
APPLICATION FAILED TO START
***************************

Description:

The bean 'usuarioRepository', defined in com.carrito.compras.security.repository.UsuarioRepository defined in @EnableJpaRepositories declared on JpaRepositoriesRegistrar.EnableJpaRepositoriesConfiguration, could not be registered. A bean with that name has already been defined in com.carrito.compras.security.repository.UsuarioRepository defined in @EnableJpaRepositories declared on JpaRepositoriesRegistrar.EnableJpaRepositoriesConfiguration and overriding is disabled.

Action:

Consider renaming one of the beans or enabling overriding by setting spring.main.allow-bean-definition-overriding=true

2020-10-24 09:15:59 INFO  CarritoComprasApiApplication:55 - Starting CarritoComprasApiApplication on DESKTOP-2BQM9MQ with PID 14280 (C:\Users\Manuela\Desktop\Manuela\Proyectos\carrito-compras-api\target\classes started by Manuela in C:\Users\Manuela\Desktop\Manuela\Proyectos\carrito-compras-api)
2020-10-24 09:15:59 INFO  CarritoComprasApiApplication:651 - No active profile set, falling back to default profiles: default
2020-10-24 09:16:00 INFO  DevToolsPropertyDefaultsPostProcessor:225 - Devtools property defaults active! Set 'spring.devtools.add-properties' to 'false' to disable
2020-10-24 09:16:01 INFO  RepositoryConfigurationDelegate:127 - Bootstrapping Spring Data JPA repositories in DEFERRED mode.
2020-10-24 09:16:01 WARN  AnnotationConfigServletWebServerApplicationContext:559 - Exception encountered during context initialization - cancelling refresh attempt: org.springframework.beans.factory.support.BeanDefinitionOverrideException: Invalid bean definition with name 'usuarioRepository' defined in com.carrito.compras.security.repository.UsuarioRepository defined in @EnableJpaRepositories declared on JpaRepositoriesRegistrar.EnableJpaRepositoriesConfiguration: Cannot register bean definition [Root bean: class [org.springframework.data.jpa.repository.support.JpaRepositoryFactoryBean]; scope=; abstract=false; lazyInit=true; autowireMode=0; dependencyCheck=0; autowireCandidate=true; primary=false; factoryBeanName=null; factoryMethodName=null; initMethodName=null; destroyMethodName=null; defined in com.carrito.compras.security.repository.UsuarioRepository defined in @EnableJpaRepositories declared on JpaRepositoriesRegistrar.EnableJpaRepositoriesConfiguration] for bean 'usuarioRepository': There is already [Root bean: class [org.springframework.data.jpa.repository.support.JpaRepositoryFactoryBean]; scope=; abstract=false; lazyInit=true; autowireMode=0; dependencyCheck=0; autowireCandidate=true; primary=false; factoryBeanName=null; factoryMethodName=null; initMethodName=null; destroyMethodName=null; defined in com.carrito.compras.security.repository.UsuarioRepository defined in @EnableJpaRepositories declared on JpaRepositoriesRegistrar.EnableJpaRepositoriesConfiguration] bound.
2020-10-24 09:16:01 INFO  ConditionEvaluationReportLoggingListener:136 - 

Error starting ApplicationContext. To display the conditions report re-run your application with 'debug' enabled.
2020-10-24 09:16:01 ERROR LoggingFailureAnalysisReporter:40 - 

***************************
APPLICATION FAILED TO START
***************************

Description:

The bean 'usuarioRepository', defined in com.carrito.compras.security.repository.UsuarioRepository defined in @EnableJpaRepositories declared on JpaRepositoriesRegistrar.EnableJpaRepositoriesConfiguration, could not be registered. A bean with that name has already been defined in com.carrito.compras.security.repository.UsuarioRepository defined in @EnableJpaRepositories declared on JpaRepositoriesRegistrar.EnableJpaRepositoriesConfiguration and overriding is disabled.

Action:

Consider renaming one of the beans or enabling overriding by setting spring.main.allow-bean-definition-overriding=true

2020-10-24 09:20:09 INFO  CarritoComprasApiApplication:55 - Starting CarritoComprasApiApplication on DESKTOP-2BQM9MQ with PID 14592 (C:\Users\Manuela\Desktop\Manuela\Proyectos\carrito-compras-api\target\classes started by Manuela in C:\Users\Manuela\Desktop\Manuela\Proyectos\carrito-compras-api)
2020-10-24 09:20:09 INFO  CarritoComprasApiApplication:651 - No active profile set, falling back to default profiles: default
2020-10-24 09:20:09 INFO  DevToolsPropertyDefaultsPostProcessor:225 - Devtools property defaults active! Set 'spring.devtools.add-properties' to 'false' to disable
2020-10-24 09:20:11 INFO  RepositoryConfigurationDelegate:127 - Bootstrapping Spring Data JPA repositories in DEFERRED mode.
2020-10-24 09:20:11 WARN  AnnotationConfigServletWebServerApplicationContext:559 - Exception encountered during context initialization - cancelling refresh attempt: org.springframework.beans.factory.support.BeanDefinitionOverrideException: Invalid bean definition with name 'usuarioRepository' defined in com.carrito.compras.security.repository.UsuarioRepository defined in @EnableJpaRepositories declared on JpaRepositoriesRegistrar.EnableJpaRepositoriesConfiguration: Cannot register bean definition [Root bean: class [org.springframework.data.jpa.repository.support.JpaRepositoryFactoryBean]; scope=; abstract=false; lazyInit=true; autowireMode=0; dependencyCheck=0; autowireCandidate=true; primary=false; factoryBeanName=null; factoryMethodName=null; initMethodName=null; destroyMethodName=null; defined in com.carrito.compras.security.repository.UsuarioRepository defined in @EnableJpaRepositories declared on JpaRepositoriesRegistrar.EnableJpaRepositoriesConfiguration] for bean 'usuarioRepository': There is already [Root bean: class [org.springframework.data.jpa.repository.support.JpaRepositoryFactoryBean]; scope=; abstract=false; lazyInit=true; autowireMode=0; dependencyCheck=0; autowireCandidate=true; primary=false; factoryBeanName=null; factoryMethodName=null; initMethodName=null; destroyMethodName=null; defined in com.carrito.compras.security.repository.UsuarioRepository defined in @EnableJpaRepositories declared on JpaRepositoriesRegistrar.EnableJpaRepositoriesConfiguration] bound.
2020-10-24 09:20:11 INFO  ConditionEvaluationReportLoggingListener:136 - 

Error starting ApplicationContext. To display the conditions report re-run your application with 'debug' enabled.
2020-10-24 09:20:11 ERROR LoggingFailureAnalysisReporter:40 - 

***************************
APPLICATION FAILED TO START
***************************

Description:

The bean 'usuarioRepository', defined in com.carrito.compras.security.repository.UsuarioRepository defined in @EnableJpaRepositories declared on JpaRepositoriesRegistrar.EnableJpaRepositoriesConfiguration, could not be registered. A bean with that name has already been defined in com.carrito.compras.security.repository.UsuarioRepository defined in @EnableJpaRepositories declared on JpaRepositoriesRegistrar.EnableJpaRepositoriesConfiguration and overriding is disabled.

Action:

Consider renaming one of the beans or enabling overriding by setting spring.main.allow-bean-definition-overriding=true

2020-10-24 09:20:44 INFO  CarritoComprasApiApplication:55 - Starting CarritoComprasApiApplication on DESKTOP-2BQM9MQ with PID 16084 (C:\Users\Manuela\Desktop\Manuela\Proyectos\carrito-compras-api\target\classes started by Manuela in C:\Users\Manuela\Desktop\Manuela\Proyectos\carrito-compras-api)
2020-10-24 09:20:44 INFO  CarritoComprasApiApplication:651 - No active profile set, falling back to default profiles: default
2020-10-24 09:20:44 INFO  DevToolsPropertyDefaultsPostProcessor:225 - Devtools property defaults active! Set 'spring.devtools.add-properties' to 'false' to disable
2020-10-24 09:20:46 INFO  RepositoryConfigurationDelegate:127 - Bootstrapping Spring Data JPA repositories in DEFERRED mode.
2020-10-24 09:20:46 WARN  AnnotationConfigServletWebServerApplicationContext:559 - Exception encountered during context initialization - cancelling refresh attempt: org.springframework.beans.factory.support.BeanDefinitionOverrideException: Invalid bean definition with name 'usuarioRepository' defined in com.carrito.compras.security.repository.UsuarioRepository defined in @EnableJpaRepositories declared on JpaRepositoriesRegistrar.EnableJpaRepositoriesConfiguration: Cannot register bean definition [Root bean: class [org.springframework.data.jpa.repository.support.JpaRepositoryFactoryBean]; scope=; abstract=false; lazyInit=true; autowireMode=0; dependencyCheck=0; autowireCandidate=true; primary=false; factoryBeanName=null; factoryMethodName=null; initMethodName=null; destroyMethodName=null; defined in com.carrito.compras.security.repository.UsuarioRepository defined in @EnableJpaRepositories declared on JpaRepositoriesRegistrar.EnableJpaRepositoriesConfiguration] for bean 'usuarioRepository': There is already [Root bean: class [org.springframework.data.jpa.repository.support.JpaRepositoryFactoryBean]; scope=; abstract=false; lazyInit=true; autowireMode=0; dependencyCheck=0; autowireCandidate=true; primary=false; factoryBeanName=null; factoryMethodName=null; initMethodName=null; destroyMethodName=null; defined in com.carrito.compras.security.repository.UsuarioRepository defined in @EnableJpaRepositories declared on JpaRepositoriesRegistrar.EnableJpaRepositoriesConfiguration] bound.
2020-10-24 09:20:46 INFO  ConditionEvaluationReportLoggingListener:136 - 

Error starting ApplicationContext. To display the conditions report re-run your application with 'debug' enabled.
2020-10-24 09:20:46 ERROR LoggingFailureAnalysisReporter:40 - 

***************************
APPLICATION FAILED TO START
***************************

Description:

The bean 'usuarioRepository', defined in com.carrito.compras.security.repository.UsuarioRepository defined in @EnableJpaRepositories declared on JpaRepositoriesRegistrar.EnableJpaRepositoriesConfiguration, could not be registered. A bean with that name has already been defined in com.carrito.compras.security.repository.UsuarioRepository defined in @EnableJpaRepositories declared on JpaRepositoriesRegistrar.EnableJpaRepositoriesConfiguration and overriding is disabled.

Action:

Consider renaming one of the beans or enabling overriding by setting spring.main.allow-bean-definition-overriding=true

2020-10-24 09:26:12 INFO  CarritoComprasApiApplication:55 - Starting CarritoComprasApiApplication on DESKTOP-2BQM9MQ with PID 13080 (C:\Users\Manuela\Desktop\Manuela\Proyectos\carrito-compras-api\target\classes started by Manuela in C:\Users\Manuela\Desktop\Manuela\Proyectos\carrito-compras-api)
2020-10-24 09:26:12 INFO  CarritoComprasApiApplication:651 - No active profile set, falling back to default profiles: default
2020-10-24 09:26:13 INFO  DevToolsPropertyDefaultsPostProcessor:225 - Devtools property defaults active! Set 'spring.devtools.add-properties' to 'false' to disable
2020-10-24 09:26:14 INFO  RepositoryConfigurationDelegate:127 - Bootstrapping Spring Data JPA repositories in DEFERRED mode.
2020-10-24 09:26:14 WARN  AnnotationConfigServletWebServerApplicationContext:559 - Exception encountered during context initialization - cancelling refresh attempt: org.springframework.beans.factory.support.BeanDefinitionOverrideException: Invalid bean definition with name 'usuarioRepository' defined in com.carrito.compras.security.repository.UsuarioRepository defined in @EnableJpaRepositories declared on JpaRepositoriesRegistrar.EnableJpaRepositoriesConfiguration: Cannot register bean definition [Root bean: class [org.springframework.data.jpa.repository.support.JpaRepositoryFactoryBean]; scope=; abstract=false; lazyInit=true; autowireMode=0; dependencyCheck=0; autowireCandidate=true; primary=false; factoryBeanName=null; factoryMethodName=null; initMethodName=null; destroyMethodName=null; defined in com.carrito.compras.security.repository.UsuarioRepository defined in @EnableJpaRepositories declared on JpaRepositoriesRegistrar.EnableJpaRepositoriesConfiguration] for bean 'usuarioRepository': There is already [Root bean: class [org.springframework.data.jpa.repository.support.JpaRepositoryFactoryBean]; scope=; abstract=false; lazyInit=true; autowireMode=0; dependencyCheck=0; autowireCandidate=true; primary=false; factoryBeanName=null; factoryMethodName=null; initMethodName=null; destroyMethodName=null; defined in com.carrito.compras.security.repository.UsuarioRepository defined in @EnableJpaRepositories declared on JpaRepositoriesRegistrar.EnableJpaRepositoriesConfiguration] bound.
2020-10-24 09:26:14 INFO  ConditionEvaluationReportLoggingListener:136 - 

Error starting ApplicationContext. To display the conditions report re-run your application with 'debug' enabled.
2020-10-24 09:26:14 ERROR LoggingFailureAnalysisReporter:40 - 

***************************
APPLICATION FAILED TO START
***************************

Description:

The bean 'usuarioRepository', defined in com.carrito.compras.security.repository.UsuarioRepository defined in @EnableJpaRepositories declared on JpaRepositoriesRegistrar.EnableJpaRepositoriesConfiguration, could not be registered. A bean with that name has already been defined in com.carrito.compras.security.repository.UsuarioRepository defined in @EnableJpaRepositories declared on JpaRepositoriesRegistrar.EnableJpaRepositoriesConfiguration and overriding is disabled.

Action:

Consider renaming one of the beans or enabling overriding by setting spring.main.allow-bean-definition-overriding=true

2020-10-24 09:32:11 INFO  CarritoComprasApiApplication:55 - Starting CarritoComprasApiApplication on DESKTOP-2BQM9MQ with PID 6316 (C:\Users\Manuela\Desktop\Manuela\Proyectos\carrito-compras-api\target\classes started by Manuela in C:\Users\Manuela\Desktop\Manuela\Proyectos\carrito-compras-api)
2020-10-24 09:32:11 INFO  CarritoComprasApiApplication:651 - No active profile set, falling back to default profiles: default
2020-10-24 09:32:11 INFO  DevToolsPropertyDefaultsPostProcessor:225 - Devtools property defaults active! Set 'spring.devtools.add-properties' to 'false' to disable
2020-10-24 09:32:14 INFO  RepositoryConfigurationDelegate:127 - Bootstrapping Spring Data JPA repositories in DEFERRED mode.
2020-10-24 09:32:14 WARN  AnnotationConfigServletWebServerApplicationContext:559 - Exception encountered during context initialization - cancelling refresh attempt: org.springframework.beans.factory.support.BeanDefinitionOverrideException: Invalid bean definition with name 'usuarioRepository' defined in com.carrito.compras.security.repository.UsuarioRepository defined in @EnableJpaRepositories declared on JpaRepositoriesRegistrar.EnableJpaRepositoriesConfiguration: Cannot register bean definition [Root bean: class [org.springframework.data.jpa.repository.support.JpaRepositoryFactoryBean]; scope=; abstract=false; lazyInit=true; autowireMode=0; dependencyCheck=0; autowireCandidate=true; primary=false; factoryBeanName=null; factoryMethodName=null; initMethodName=null; destroyMethodName=null; defined in com.carrito.compras.security.repository.UsuarioRepository defined in @EnableJpaRepositories declared on JpaRepositoriesRegistrar.EnableJpaRepositoriesConfiguration] for bean 'usuarioRepository': There is already [Root bean: class [org.springframework.data.jpa.repository.support.JpaRepositoryFactoryBean]; scope=; abstract=false; lazyInit=true; autowireMode=0; dependencyCheck=0; autowireCandidate=true; primary=false; factoryBeanName=null; factoryMethodName=null; initMethodName=null; destroyMethodName=null; defined in com.carrito.compras.security.repository.UsuarioRepository defined in @EnableJpaRepositories declared on JpaRepositoriesRegistrar.EnableJpaRepositoriesConfiguration] bound.
2020-10-24 09:32:14 INFO  ConditionEvaluationReportLoggingListener:136 - 

Error starting ApplicationContext. To display the conditions report re-run your application with 'debug' enabled.
2020-10-24 09:32:14 ERROR LoggingFailureAnalysisReporter:40 - 

***************************
APPLICATION FAILED TO START
***************************

Description:

The bean 'usuarioRepository', defined in com.carrito.compras.security.repository.UsuarioRepository defined in @EnableJpaRepositories declared on JpaRepositoriesRegistrar.EnableJpaRepositoriesConfiguration, could not be registered. A bean with that name has already been defined in com.carrito.compras.security.repository.UsuarioRepository defined in @EnableJpaRepositories declared on JpaRepositoriesRegistrar.EnableJpaRepositoriesConfiguration and overriding is disabled.

Action:

Consider renaming one of the beans or enabling overriding by setting spring.main.allow-bean-definition-overriding=true

2020-10-24 09:42:49 INFO  CarritoComprasApiApplication:55 - Starting CarritoComprasApiApplication on DESKTOP-2BQM9MQ with PID 15684 (C:\Users\Manuela\Desktop\Manuela\Proyectos\carrito-compras-api\target\classes started by Manuela in C:\Users\Manuela\Desktop\Manuela\Proyectos\carrito-compras-api)
2020-10-24 09:42:49 INFO  CarritoComprasApiApplication:651 - No active profile set, falling back to default profiles: default
2020-10-24 09:42:50 INFO  DevToolsPropertyDefaultsPostProcessor:225 - Devtools property defaults active! Set 'spring.devtools.add-properties' to 'false' to disable
2020-10-24 09:42:54 INFO  RepositoryConfigurationDelegate:127 - Bootstrapping Spring Data JPA repositories in DEFERRED mode.
2020-10-24 09:42:55 WARN  AnnotationConfigServletWebServerApplicationContext:559 - Exception encountered during context initialization - cancelling refresh attempt: org.springframework.beans.factory.support.BeanDefinitionOverrideException: Invalid bean definition with name 'usuarioRepository' defined in com.carrito.compras.security.repository.UsuarioRepository defined in @EnableJpaRepositories declared on JpaRepositoriesRegistrar.EnableJpaRepositoriesConfiguration: Cannot register bean definition [Root bean: class [org.springframework.data.jpa.repository.support.JpaRepositoryFactoryBean]; scope=; abstract=false; lazyInit=true; autowireMode=0; dependencyCheck=0; autowireCandidate=true; primary=false; factoryBeanName=null; factoryMethodName=null; initMethodName=null; destroyMethodName=null; defined in com.carrito.compras.security.repository.UsuarioRepository defined in @EnableJpaRepositories declared on JpaRepositoriesRegistrar.EnableJpaRepositoriesConfiguration] for bean 'usuarioRepository': There is already [Root bean: class [org.springframework.data.jpa.repository.support.JpaRepositoryFactoryBean]; scope=; abstract=false; lazyInit=true; autowireMode=0; dependencyCheck=0; autowireCandidate=true; primary=false; factoryBeanName=null; factoryMethodName=null; initMethodName=null; destroyMethodName=null; defined in com.carrito.compras.security.repository.UsuarioRepository defined in @EnableJpaRepositories declared on JpaRepositoriesRegistrar.EnableJpaRepositoriesConfiguration] bound.
2020-10-24 09:42:55 INFO  ConditionEvaluationReportLoggingListener:136 - 

Error starting ApplicationContext. To display the conditions report re-run your application with 'debug' enabled.
2020-10-24 09:42:55 ERROR LoggingFailureAnalysisReporter:40 - 

***************************
APPLICATION FAILED TO START
***************************

Description:

The bean 'usuarioRepository', defined in com.carrito.compras.security.repository.UsuarioRepository defined in @EnableJpaRepositories declared on JpaRepositoriesRegistrar.EnableJpaRepositoriesConfiguration, could not be registered. A bean with that name has already been defined in com.carrito.compras.security.repository.UsuarioRepository defined in @EnableJpaRepositories declared on JpaRepositoriesRegistrar.EnableJpaRepositoriesConfiguration and overriding is disabled.

Action:

Consider renaming one of the beans or enabling overriding by setting spring.main.allow-bean-definition-overriding=true

2020-10-24 09:47:33 INFO  CarritoComprasApiApplication:55 - Starting CarritoComprasApiApplication on DESKTOP-2BQM9MQ with PID 15828 (C:\Users\Manuela\Desktop\Manuela\Proyectos\carrito-compras-api\target\classes started by Manuela in C:\Users\Manuela\Desktop\Manuela\Proyectos\carrito-compras-api)
2020-10-24 09:47:33 INFO  CarritoComprasApiApplication:651 - No active profile set, falling back to default profiles: default
2020-10-24 09:47:34 INFO  DevToolsPropertyDefaultsPostProcessor:225 - Devtools property defaults active! Set 'spring.devtools.add-properties' to 'false' to disable
2020-10-24 09:47:41 INFO  RepositoryConfigurationDelegate:127 - Bootstrapping Spring Data JPA repositories in DEFERRED mode.
2020-10-24 09:47:43 WARN  AnnotationConfigServletWebServerApplicationContext:559 - Exception encountered during context initialization - cancelling refresh attempt: org.springframework.beans.factory.support.BeanDefinitionOverrideException: Invalid bean definition with name 'usuarioRepository' defined in com.carrito.compras.security.repository.UsuarioRepository defined in @EnableJpaRepositories declared on JpaRepositoriesRegistrar.EnableJpaRepositoriesConfiguration: Cannot register bean definition [Root bean: class [org.springframework.data.jpa.repository.support.JpaRepositoryFactoryBean]; scope=; abstract=false; lazyInit=true; autowireMode=0; dependencyCheck=0; autowireCandidate=true; primary=false; factoryBeanName=null; factoryMethodName=null; initMethodName=null; destroyMethodName=null; defined in com.carrito.compras.security.repository.UsuarioRepository defined in @EnableJpaRepositories declared on JpaRepositoriesRegistrar.EnableJpaRepositoriesConfiguration] for bean 'usuarioRepository': There is already [Root bean: class [org.springframework.data.jpa.repository.support.JpaRepositoryFactoryBean]; scope=; abstract=false; lazyInit=true; autowireMode=0; dependencyCheck=0; autowireCandidate=true; primary=false; factoryBeanName=null; factoryMethodName=null; initMethodName=null; destroyMethodName=null; defined in com.carrito.compras.security.repository.UsuarioRepository defined in @EnableJpaRepositories declared on JpaRepositoriesRegistrar.EnableJpaRepositoriesConfiguration] bound.
2020-10-24 09:47:43 INFO  ConditionEvaluationReportLoggingListener:136 - 

Error starting ApplicationContext. To display the conditions report re-run your application with 'debug' enabled.
2020-10-24 09:47:43 ERROR LoggingFailureAnalysisReporter:40 - 

***************************
APPLICATION FAILED TO START
***************************

Description:

The bean 'usuarioRepository', defined in com.carrito.compras.security.repository.UsuarioRepository defined in @EnableJpaRepositories declared on JpaRepositoriesRegistrar.EnableJpaRepositoriesConfiguration, could not be registered. A bean with that name has already been defined in com.carrito.compras.security.repository.UsuarioRepository defined in @EnableJpaRepositories declared on JpaRepositoriesRegistrar.EnableJpaRepositoriesConfiguration and overriding is disabled.

Action:

Consider renaming one of the beans or enabling overriding by setting spring.main.allow-bean-definition-overriding=true

2020-10-24 10:00:09 INFO  CarritoComprasApiApplication:55 - Starting CarritoComprasApiApplication on DESKTOP-2BQM9MQ with PID 14700 (C:\Users\Manuela\Desktop\Manuela\Proyectos\carrito-compras-api\target\classes started by Manuela in C:\Users\Manuela\Desktop\Manuela\Proyectos\carrito-compras-api)
2020-10-24 10:00:10 INFO  CarritoComprasApiApplication:651 - No active profile set, falling back to default profiles: default
2020-10-24 10:00:10 INFO  DevToolsPropertyDefaultsPostProcessor:225 - Devtools property defaults active! Set 'spring.devtools.add-properties' to 'false' to disable
2020-10-24 10:00:17 INFO  RepositoryConfigurationDelegate:127 - Bootstrapping Spring Data JPA repositories in DEFERRED mode.
2020-10-24 10:00:17 WARN  AnnotationConfigServletWebServerApplicationContext:559 - Exception encountered during context initialization - cancelling refresh attempt: org.springframework.beans.factory.support.BeanDefinitionOverrideException: Invalid bean definition with name 'usuarioRepository' defined in com.carrito.compras.security.repository.UsuarioRepository defined in @EnableJpaRepositories declared on JpaRepositoriesRegistrar.EnableJpaRepositoriesConfiguration: Cannot register bean definition [Root bean: class [org.springframework.data.jpa.repository.support.JpaRepositoryFactoryBean]; scope=; abstract=false; lazyInit=true; autowireMode=0; dependencyCheck=0; autowireCandidate=true; primary=false; factoryBeanName=null; factoryMethodName=null; initMethodName=null; destroyMethodName=null; defined in com.carrito.compras.security.repository.UsuarioRepository defined in @EnableJpaRepositories declared on JpaRepositoriesRegistrar.EnableJpaRepositoriesConfiguration] for bean 'usuarioRepository': There is already [Root bean: class [org.springframework.data.jpa.repository.support.JpaRepositoryFactoryBean]; scope=; abstract=false; lazyInit=true; autowireMode=0; dependencyCheck=0; autowireCandidate=true; primary=false; factoryBeanName=null; factoryMethodName=null; initMethodName=null; destroyMethodName=null; defined in com.carrito.compras.security.repository.UsuarioRepository defined in @EnableJpaRepositories declared on JpaRepositoriesRegistrar.EnableJpaRepositoriesConfiguration] bound.
2020-10-24 10:00:17 INFO  ConditionEvaluationReportLoggingListener:136 - 

Error starting ApplicationContext. To display the conditions report re-run your application with 'debug' enabled.
2020-10-24 10:00:17 ERROR LoggingFailureAnalysisReporter:40 - 

***************************
APPLICATION FAILED TO START
***************************

Description:

The bean 'usuarioRepository', defined in com.carrito.compras.security.repository.UsuarioRepository defined in @EnableJpaRepositories declared on JpaRepositoriesRegistrar.EnableJpaRepositoriesConfiguration, could not be registered. A bean with that name has already been defined in com.carrito.compras.security.repository.UsuarioRepository defined in @EnableJpaRepositories declared on JpaRepositoriesRegistrar.EnableJpaRepositoriesConfiguration and overriding is disabled.

Action:

Consider renaming one of the beans or enabling overriding by setting spring.main.allow-bean-definition-overriding=true

2020-10-24 10:29:59 INFO  CarritoComprasApiApplication:55 - Starting CarritoComprasApiApplication on DESKTOP-2BQM9MQ with PID 5612 (C:\Users\Manuela\Desktop\Manuela\Proyectos\carrito-compras-api\target\classes started by Manuela in C:\Users\Manuela\Desktop\Manuela\Proyectos\carrito-compras-api)
2020-10-24 10:29:59 INFO  CarritoComprasApiApplication:651 - No active profile set, falling back to default profiles: default
2020-10-24 10:29:59 INFO  DevToolsPropertyDefaultsPostProcessor:225 - Devtools property defaults active! Set 'spring.devtools.add-properties' to 'false' to disable
2020-10-24 10:30:04 INFO  RepositoryConfigurationDelegate:127 - Bootstrapping Spring Data JPA repositories in DEFERRED mode.
2020-10-24 10:30:05 WARN  AnnotationConfigServletWebServerApplicationContext:559 - Exception encountered during context initialization - cancelling refresh attempt: org.springframework.beans.factory.support.BeanDefinitionOverrideException: Invalid bean definition with name 'usuarioRepository' defined in com.carrito.compras.security.repository.UsuarioRepository defined in @EnableJpaRepositories declared on JpaRepositoriesRegistrar.EnableJpaRepositoriesConfiguration: Cannot register bean definition [Root bean: class [org.springframework.data.jpa.repository.support.JpaRepositoryFactoryBean]; scope=; abstract=false; lazyInit=true; autowireMode=0; dependencyCheck=0; autowireCandidate=true; primary=false; factoryBeanName=null; factoryMethodName=null; initMethodName=null; destroyMethodName=null; defined in com.carrito.compras.security.repository.UsuarioRepository defined in @EnableJpaRepositories declared on JpaRepositoriesRegistrar.EnableJpaRepositoriesConfiguration] for bean 'usuarioRepository': There is already [Root bean: class [org.springframework.data.jpa.repository.support.JpaRepositoryFactoryBean]; scope=; abstract=false; lazyInit=true; autowireMode=0; dependencyCheck=0; autowireCandidate=true; primary=false; factoryBeanName=null; factoryMethodName=null; initMethodName=null; destroyMethodName=null; defined in com.carrito.compras.security.repository.UsuarioRepository defined in @EnableJpaRepositories declared on JpaRepositoriesRegistrar.EnableJpaRepositoriesConfiguration] bound.
2020-10-24 10:30:05 INFO  ConditionEvaluationReportLoggingListener:136 -

Error starting ApplicationContext. To display the conditions report re-run your application with 'debug' enabled.
2020-10-24 10:30:05 ERROR LoggingFailureAnalysisReporter:40 -

***************************
APPLICATION FAILED TO START
***************************

Description:

The bean 'usuarioRepository', defined in com.carrito.compras.security.repository.UsuarioRepository defined in @EnableJpaRepositories declared on JpaRepositoriesRegistrar.EnableJpaRepositoriesConfiguration, could not be registered. A bean with that name has already been defined in com.carrito.compras.security.repository.UsuarioRepository defined in @EnableJpaRepositories declared on JpaRepositoriesRegistrar.EnableJpaRepositoriesConfiguration and overriding is disabled.

Action:

Consider renaming one of the beans or enabling overriding by setting spring.main.allow-bean-definition-overriding=true

2020-10-24 10:35:06 ERROR SpringApplication:837 - Application run failed
java.lang.IllegalStateException: Failed to load property source from 'file:/C:/Users/Manuela/Desktop/Manuela/Proyectos/carrito-compras-api/target/classes/application.yml' (classpath:/application.yml)
	at org.springframework.boot.context.config.ConfigFileApplicationListener$Loader.load(ConfigFileApplicationListener.java:553)
	at org.springframework.boot.context.config.ConfigFileApplicationListener$Loader.loadForFileExtension(ConfigFileApplicationListener.java:498)
	at org.springframework.boot.context.config.ConfigFileApplicationListener$Loader.load(ConfigFileApplicationListener.java:468)
	at org.springframework.boot.context.config.ConfigFileApplicationListener$Loader.lambda$null$7(ConfigFileApplicationListener.java:447)
	at java.base/java.lang.Iterable.forEach(Iterable.java:75)
	at org.springframework.boot.context.config.ConfigFileApplicationListener$Loader.lambda$load$8(ConfigFileApplicationListener.java:447)
	at java.base/java.lang.Iterable.forEach(Iterable.java:75)
	at org.springframework.boot.context.config.ConfigFileApplicationListener$Loader.load(ConfigFileApplicationListener.java:444)
	at org.springframework.boot.context.config.ConfigFileApplicationListener$Loader.lambda$load$0(ConfigFileApplicationListener.java:347)
	at org.springframework.boot.context.config.FilteredPropertySource.apply(FilteredPropertySource.java:54)
	at org.springframework.boot.context.config.ConfigFileApplicationListener$Loader.load(ConfigFileApplicationListener.java:335)
	at org.springframework.boot.context.config.ConfigFileApplicationListener.addPropertySources(ConfigFileApplicationListener.java:226)
	at org.springframework.boot.context.config.ConfigFileApplicationListener.postProcessEnvironment(ConfigFileApplicationListener.java:210)
	at org.springframework.boot.context.config.ConfigFileApplicationListener.onApplicationEnvironmentPreparedEvent(ConfigFileApplicationListener.java:200)
	at org.springframework.boot.context.config.ConfigFileApplicationListener.onApplicationEvent(ConfigFileApplicationListener.java:188)
	at org.springframework.context.event.SimpleApplicationEventMulticaster.doInvokeListener(SimpleApplicationEventMulticaster.java:172)
	at org.springframework.context.event.SimpleApplicationEventMulticaster.invokeListener(SimpleApplicationEventMulticaster.java:165)
	at org.springframework.context.event.SimpleApplicationEventMulticaster.multicastEvent(SimpleApplicationEventMulticaster.java:139)
	at org.springframework.context.event.SimpleApplicationEventMulticaster.multicastEvent(SimpleApplicationEventMulticaster.java:127)
	at org.springframework.boot.context.event.EventPublishingRunListener.environmentPrepared(EventPublishingRunListener.java:80)
	at org.springframework.boot.SpringApplicationRunListeners.environmentPrepared(SpringApplicationRunListeners.java:53)
	at org.springframework.boot.SpringApplication.prepareEnvironment(SpringApplication.java:345)
	at org.springframework.boot.SpringApplication.run(SpringApplication.java:308)
	at org.springframework.boot.SpringApplication.run(SpringApplication.java:1237)
	at org.springframework.boot.SpringApplication.run(SpringApplication.java:1226)
	at com.carrito.compras.CarritoComprasApiApplication.main(CarritoComprasApiApplication.java:10)
	at java.base/jdk.internal.reflect.NativeMethodAccessorImpl.invoke0(Native Method)
	at java.base/jdk.internal.reflect.NativeMethodAccessorImpl.invoke(NativeMethodAccessorImpl.java:62)
	at java.base/jdk.internal.reflect.DelegatingMethodAccessorImpl.invoke(DelegatingMethodAccessorImpl.java:43)
	at java.base/java.lang.reflect.Method.invoke(Method.java:564)
	at org.springframework.boot.devtools.restart.RestartLauncher.run(RestartLauncher.java:49)
Caused by: while constructing a mapping
 in 'reader', line 1, column 1:
    server:
    ^
found duplicate key spring
 in 'reader', line 28, column 1:
    spring:
    ^

	at org.yaml.snakeyaml.constructor.SafeConstructor.processDuplicateKeys(SafeConstructor.java:106)
	at org.yaml.snakeyaml.constructor.SafeConstructor.flattenMapping(SafeConstructor.java:76)
	at org.yaml.snakeyaml.constructor.SafeConstructor.constructMapping2ndStep(SafeConstructor.java:189)
	at org.yaml.snakeyaml.constructor.BaseConstructor.constructMapping(BaseConstructor.java:460)
	at org.yaml.snakeyaml.constructor.SafeConstructor$ConstructYamlMap.construct(SafeConstructor.java:556)
	at org.yaml.snakeyaml.constructor.BaseConstructor.constructObjectNoCheck(BaseConstructor.java:230)
	at org.yaml.snakeyaml.constructor.BaseConstructor.constructObject(BaseConstructor.java:219)
	at org.springframework.boot.env.OriginTrackedYamlLoader$OriginTrackingConstructor.constructObject(OriginTrackedYamlLoader.java:105)
	at org.yaml.snakeyaml.constructor.BaseConstructor.constructDocument(BaseConstructor.java:173)
	at org.yaml.snakeyaml.constructor.BaseConstructor.getData(BaseConstructor.java:138)
	at org.yaml.snakeyaml.Yaml$1.next(Yaml.java:494)
	at org.springframework.beans.factory.config.YamlProcessor.process(YamlProcessor.java:200)
	at org.springframework.beans.factory.config.YamlProcessor.process(YamlProcessor.java:164)
	at org.springframework.boot.env.OriginTrackedYamlLoader.load(OriginTrackedYamlLoader.java:82)
	at org.springframework.boot.env.YamlPropertySourceLoader.load(YamlPropertySourceLoader.java:50)
	at org.springframework.boot.context.config.ConfigFileApplicationListener$Loader.loadDocuments(ConfigFileApplicationListener.java:607)
	at org.springframework.boot.context.config.ConfigFileApplicationListener$Loader.load(ConfigFileApplicationListener.java:523)
	... 30 more
2020-10-24 10:36:53 INFO  CarritoComprasApiApplication:55 - Starting CarritoComprasApiApplication on DESKTOP-2BQM9MQ with PID 11752 (C:\Users\Manuela\Desktop\Manuela\Proyectos\carrito-compras-api\target\classes started by Manuela in C:\Users\Manuela\Desktop\Manuela\Proyectos\carrito-compras-api)
2020-10-24 10:36:53 INFO  CarritoComprasApiApplication:651 - No active profile set, falling back to default profiles: default
2020-10-24 10:36:53 INFO  DevToolsPropertyDefaultsPostProcessor:225 - Devtools property defaults active! Set 'spring.devtools.add-properties' to 'false' to disable
2020-10-24 10:36:55 INFO  RepositoryConfigurationDelegate:127 - Bootstrapping Spring Data JPA repositories in DEFERRED mode.
2020-10-24 10:36:55 INFO  RepositoryConfigurationDelegate:187 - Finished Spring Data repository scanning in 103ms. Found 6 JPA repository interfaces.
2020-10-24 10:36:57 INFO  TomcatWebServer:108 - Tomcat initialized with port(s): 9082 (http)
2020-10-24 10:36:57 INFO  ServletWebServerApplicationContext:285 - Root WebApplicationContext: initialization completed in 4240 ms
2020-10-24 10:36:58 INFO  ThreadPoolTaskExecutor:181 - Initializing ExecutorService 'applicationTaskExecutor'
2020-10-24 10:36:58 INFO  LogHelper:31 - HHH000204: Processing PersistenceUnitInfo [name: default]
2020-10-24 10:36:59 INFO  Version:44 - HHH000412: Hibernate ORM core version 5.4.21.Final
2020-10-24 10:36:59 WARN  JpaBaseConfiguration$JpaWebConfiguration:220 - spring.jpa.open-in-view is enabled by default. Therefore, database queries may be performed during view rendering. Explicitly configure spring.jpa.open-in-view to disable this warning
2020-10-24 10:37:00 INFO  Version:49 - HCANN000001: Hibernate Commons Annotations {5.1.0.Final}
2020-10-24 10:37:00 INFO  PropertySourcedRequestMappingHandlerMapping:69 - Mapped URL path [/v2/api-docs] onto method [springfox.documentation.swagger2.web.Swagger2Controller#getDocumentation(String, HttpServletRequest)]
2020-10-24 10:37:01 INFO  HikariDataSource:110 - HikariPool-1 - Starting...
2020-10-24 10:37:01 INFO  UserDetailsServiceAutoConfiguration:86 -

Using generated security password: 5f311037-e7b5-49e6-9e5b-c48c417c5f8f

2020-10-24 10:37:01 INFO  DefaultSecurityFilterChain:43 - Creating filter chain: any request, [org.springframework.security.web.context.request.async.WebAsyncManagerIntegrationFilter@523cbaa4, org.springframework.security.web.context.SecurityContextPersistenceFilter@10ba44ae, org.springframework.security.web.header.HeaderWriterFilter@5a1499d5, org.springframework.security.web.authentication.logout.LogoutFilter@12b8212, com.carrito.compras.security.JWTAuthorizationFilter@5510f4de, org.springframework.security.web.savedrequest.RequestCacheAwareFilter@7a412a1f, org.springframework.security.web.servletapi.SecurityContextHolderAwareRequestFilter@100c51e7, org.springframework.security.web.authentication.AnonymousAuthenticationFilter@4509c60d, org.springframework.security.web.session.SessionManagementFilter@502d6a58, org.springframework.security.web.access.ExceptionTranslationFilter@48e41982, org.springframework.security.web.access.intercept.FilterSecurityInterceptor@27c08d26]
2020-10-24 10:37:02 INFO  OptionalLiveReloadServer:58 - LiveReload server is running on port 35729
2020-10-24 10:37:03 INFO  TomcatWebServer:220 - Tomcat started on port(s): 9082 (http) with context path '/carrito/compras/api'
2020-10-24 10:37:03 INFO  DocumentationPluginsBootstrapper:160 - Context refreshed
2020-10-24 10:37:03 INFO  HikariDataSource:123 - HikariPool-1 - Start completed.
2020-10-24 10:37:03 INFO  DocumentationPluginsBootstrapper:163 - Found 1 custom documentation plugin(s)
2020-10-24 10:37:03 INFO  Dialect:170 - HHH000400: Using dialect: org.hibernate.dialect.MySQL5Dialect
2020-10-24 10:37:04 INFO  ApiListingReferenceScanner:41 - Scanning for api listing references
2020-10-24 10:37:05 INFO  DeferredRepositoryInitializationListener:49 - Triggering deferred initialization of Spring Data repositories…
2020-10-24 10:37:15 INFO  JtaPlatformInitiator:52 - HHH000490: Using JtaPlatform implementation: [org.hibernate.engine.transaction.jta.platform.internal.NoJtaPlatform]
2020-10-24 10:37:15 INFO  LocalContainerEntityManagerFactoryBean:416 - Initialized JPA EntityManagerFactory for persistence unit 'default'
2020-10-24 10:37:17 WARN  AnnotationConfigServletWebServerApplicationContext:559 - Exception encountered during context initialization - cancelling refresh attempt: org.springframework.beans.factory.BeanCreationException: Error creating bean with name 'usuarioRepository': FactoryBean threw exception on object creation; nested exception is java.lang.IllegalArgumentException: Failed to create query for method public abstract java.util.List com.carrito.compras.security.repository.UsuarioRepository.findAll(java.lang.String)! No property findAll found for type Usuario!
2020-10-24 10:37:17 INFO  LocalContainerEntityManagerFactoryBean:598 - Closing JPA EntityManagerFactory for persistence unit 'default'
2020-10-24 10:37:17 INFO  ThreadPoolTaskExecutor:218 - Shutting down ExecutorService 'applicationTaskExecutor'
2020-10-24 10:37:17 INFO  HikariDataSource:350 - HikariPool-1 - Shutdown initiated...
2020-10-24 10:37:17 INFO  HikariDataSource:352 - HikariPool-1 - Shutdown completed.
2020-10-24 10:37:17 INFO  ConditionEvaluationReportLoggingListener:136 -

Error starting ApplicationContext. To display the conditions report re-run your application with 'debug' enabled.
2020-10-24 10:37:17 ERROR SpringApplication:837 - Application run failed
org.springframework.beans.factory.BeanCreationException: Error creating bean with name 'usuarioRepository': FactoryBean threw exception on object creation; nested exception is java.lang.IllegalArgumentException: Failed to create query for method public abstract java.util.List com.carrito.compras.security.repository.UsuarioRepository.findAll(java.lang.String)! No property findAll found for type Usuario!
	at org.springframework.beans.factory.support.FactoryBeanRegistrySupport.doGetObjectFromFactoryBean(FactoryBeanRegistrySupport.java:176)
	at org.springframework.beans.factory.support.FactoryBeanRegistrySupport.getObjectFromFactoryBean(FactoryBeanRegistrySupport.java:101)
	at org.springframework.beans.factory.support.AbstractBeanFactory.getObjectForBeanInstance(AbstractBeanFactory.java:1828)
	at org.springframework.beans.factory.support.AbstractAutowireCapableBeanFactory.getObjectForBeanInstance(AbstractAutowireCapableBeanFactory.java:1265)
	at org.springframework.beans.factory.support.AbstractBeanFactory.doGetBean(AbstractBeanFactory.java:334)
	at org.springframework.beans.factory.support.AbstractBeanFactory.getBean(AbstractBeanFactory.java:202)
	at org.springframework.beans.factory.support.DefaultListableBeanFactory.getBeansOfType(DefaultListableBeanFactory.java:624)
	at org.springframework.beans.factory.support.DefaultListableBeanFactory.getBeansOfType(DefaultListableBeanFactory.java:612)
	at org.springframework.data.repository.config.DeferredRepositoryInitializationListener.onApplicationEvent(DeferredRepositoryInitializationListener.java:51)
	at org.springframework.data.repository.config.DeferredRepositoryInitializationListener.onApplicationEvent(DeferredRepositoryInitializationListener.java:36)
	at org.springframework.context.event.SimpleApplicationEventMulticaster.doInvokeListener(SimpleApplicationEventMulticaster.java:172)
	at org.springframework.context.event.SimpleApplicationEventMulticaster.invokeListener(SimpleApplicationEventMulticaster.java:165)
	at org.springframework.context.event.SimpleApplicationEventMulticaster.multicastEvent(SimpleApplicationEventMulticaster.java:139)
	at org.springframework.context.support.AbstractApplicationContext.publishEvent(AbstractApplicationContext.java:404)
	at org.springframework.context.support.AbstractApplicationContext.publishEvent(AbstractApplicationContext.java:361)
	at org.springframework.context.support.AbstractApplicationContext.finishRefresh(AbstractApplicationContext.java:898)
	at org.springframework.context.support.AbstractApplicationContext.refresh(AbstractApplicationContext.java:554)
	at org.springframework.boot.web.servlet.context.ServletWebServerApplicationContext.refresh(ServletWebServerApplicationContext.java:143)
	at org.springframework.boot.SpringApplication.refresh(SpringApplication.java:758)
	at org.springframework.boot.SpringApplication.refresh(SpringApplication.java:750)
	at org.springframework.boot.SpringApplication.refreshContext(SpringApplication.java:397)
	at org.springframework.boot.SpringApplication.run(SpringApplication.java:315)
	at org.springframework.boot.SpringApplication.run(SpringApplication.java:1237)
	at org.springframework.boot.SpringApplication.run(SpringApplication.java:1226)
	at com.carrito.compras.CarritoComprasApiApplication.main(CarritoComprasApiApplication.java:10)
	at java.base/jdk.internal.reflect.NativeMethodAccessorImpl.invoke0(Native Method)
	at java.base/jdk.internal.reflect.NativeMethodAccessorImpl.invoke(NativeMethodAccessorImpl.java:62)
	at java.base/jdk.internal.reflect.DelegatingMethodAccessorImpl.invoke(DelegatingMethodAccessorImpl.java:43)
	at java.base/java.lang.reflect.Method.invoke(Method.java:564)
	at org.springframework.boot.devtools.restart.RestartLauncher.run(RestartLauncher.java:49)
Caused by: java.lang.IllegalArgumentException: Failed to create query for method public abstract java.util.List com.carrito.compras.security.repository.UsuarioRepository.findAll(java.lang.String)! No property findAll found for type Usuario!
	at org.springframework.data.jpa.repository.query.PartTreeJpaQuery.<init>(PartTreeJpaQuery.java:96)
	at org.springframework.data.jpa.repository.query.JpaQueryLookupStrategy$CreateQueryLookupStrategy.resolveQuery(JpaQueryLookupStrategy.java:107)
	at org.springframework.data.jpa.repository.query.JpaQueryLookupStrategy$CreateIfNotFoundQueryLookupStrategy.resolveQuery(JpaQueryLookupStrategy.java:218)
	at org.springframework.data.jpa.repository.query.JpaQueryLookupStrategy$AbstractQueryLookupStrategy.resolveQuery(JpaQueryLookupStrategy.java:81)
	at org.springframework.data.repository.core.support.QueryExecutorMethodInterceptor.lookupQuery(QueryExecutorMethodInterceptor.java:99)
	at org.springframework.data.repository.core.support.QueryExecutorMethodInterceptor.lambda$mapMethodsToQuery$1(QueryExecutorMethodInterceptor.java:92)
	at java.base/java.util.stream.ReferencePipeline$3$1.accept(ReferencePipeline.java:195)
	at java.base/java.util.Iterator.forEachRemaining(Iterator.java:133)
	at java.base/java.util.Collections$UnmodifiableCollection$1.forEachRemaining(Collections.java:1056)
	at java.base/java.util.Spliterators$IteratorSpliterator.forEachRemaining(Spliterators.java:1801)
	at java.base/java.util.stream.AbstractPipeline.copyInto(AbstractPipeline.java:484)
	at java.base/java.util.stream.AbstractPipeline.wrapAndCopyInto(AbstractPipeline.java:474)
	at java.base/java.util.stream.ReduceOps$ReduceOp.evaluateSequential(ReduceOps.java:913)
	at java.base/java.util.stream.AbstractPipeline.evaluate(AbstractPipeline.java:234)
	at java.base/java.util.stream.ReferencePipeline.collect(ReferencePipeline.java:578)
	at org.springframework.data.repository.core.support.QueryExecutorMethodInterceptor.mapMethodsToQuery(QueryExecutorMethodInterceptor.java:94)
	at org.springframework.data.repository.core.support.QueryExecutorMethodInterceptor.lambda$new$0(QueryExecutorMethodInterceptor.java:84)
	at java.base/java.util.Optional.map(Optional.java:258)
	at org.springframework.data.repository.core.support.QueryExecutorMethodInterceptor.<init>(QueryExecutorMethodInterceptor.java:84)
	at org.springframework.data.repository.core.support.RepositoryFactorySupport.getRepository(RepositoryFactorySupport.java:331)
	at org.springframework.data.repository.core.support.RepositoryFactoryBeanSupport.lambda$afterPropertiesSet$5(RepositoryFactoryBeanSupport.java:297)
	at org.springframework.data.util.Lazy.getNullable(Lazy.java:212)
	at org.springframework.data.util.Lazy.get(Lazy.java:94)
	at org.springframework.data.repository.core.support.RepositoryFactoryBeanSupport.getObject(RepositoryFactoryBeanSupport.java:244)
	at org.springframework.data.repository.core.support.RepositoryFactoryBeanSupport.getObject(RepositoryFactoryBeanSupport.java:57)
	at org.springframework.beans.factory.support.FactoryBeanRegistrySupport.doGetObjectFromFactoryBean(FactoryBeanRegistrySupport.java:169)
	... 29 more
Caused by: org.springframework.data.mapping.PropertyReferenceException: No property findAll found for type Usuario!
	at org.springframework.data.mapping.PropertyPath.<init>(PropertyPath.java:94)
	at org.springframework.data.mapping.PropertyPath.create(PropertyPath.java:382)
	at org.springframework.data.mapping.PropertyPath.create(PropertyPath.java:358)
	at org.springframework.data.mapping.PropertyPath.lambda$from$0(PropertyPath.java:311)
	at java.base/java.util.concurrent.ConcurrentMap.computeIfAbsent(ConcurrentMap.java:330)
	at org.springframework.data.mapping.PropertyPath.from(PropertyPath.java:293)
	at org.springframework.data.mapping.PropertyPath.from(PropertyPath.java:276)
	at org.springframework.data.repository.query.parser.Part.<init>(Part.java:82)
	at org.springframework.data.repository.query.parser.PartTree$OrPart.lambda$new$0(PartTree.java:251)
	at java.base/java.util.stream.ReferencePipeline$3$1.accept(ReferencePipeline.java:195)
	at java.base/java.util.stream.ReferencePipeline$2$1.accept(ReferencePipeline.java:177)
	at java.base/java.util.Spliterators$ArraySpliterator.forEachRemaining(Spliterators.java:948)
	at java.base/java.util.stream.AbstractPipeline.copyInto(AbstractPipeline.java:484)
	at java.base/java.util.stream.AbstractPipeline.wrapAndCopyInto(AbstractPipeline.java:474)
	at java.base/java.util.stream.ReduceOps$ReduceOp.evaluateSequential(ReduceOps.java:913)
	at java.base/java.util.stream.AbstractPipeline.evaluate(AbstractPipeline.java:234)
	at java.base/java.util.stream.ReferencePipeline.collect(ReferencePipeline.java:578)
	at org.springframework.data.repository.query.parser.PartTree$OrPart.<init>(PartTree.java:252)
	at org.springframework.data.repository.query.parser.PartTree$Predicate.lambda$new$0(PartTree.java:381)
	at java.base/java.util.stream.ReferencePipeline$3$1.accept(ReferencePipeline.java:195)
	at java.base/java.util.stream.ReferencePipeline$2$1.accept(ReferencePipeline.java:177)
	at java.base/java.util.Spliterators$ArraySpliterator.forEachRemaining(Spliterators.java:948)
	at java.base/java.util.stream.AbstractPipeline.copyInto(AbstractPipeline.java:484)
	at java.base/java.util.stream.AbstractPipeline.wrapAndCopyInto(AbstractPipeline.java:474)
	at java.base/java.util.stream.ReduceOps$ReduceOp.evaluateSequential(ReduceOps.java:913)
	at java.base/java.util.stream.AbstractPipeline.evaluate(AbstractPipeline.java:234)
	at java.base/java.util.stream.ReferencePipeline.collect(ReferencePipeline.java:578)
	at org.springframework.data.repository.query.parser.PartTree$Predicate.<init>(PartTree.java:382)
	at org.springframework.data.repository.query.parser.PartTree.<init>(PartTree.java:94)
	at org.springframework.data.jpa.repository.query.PartTreeJpaQuery.<init>(PartTreeJpaQuery.java:89)
	... 54 more
2020-10-24 10:39:13 ERROR SpringApplication:837 - Application run failed
java.lang.IllegalStateException: Failed to load property source from 'file:/C:/Users/Manuela/Desktop/Manuela/Proyectos/carrito-compras-api/target/classes/application.yml' (classpath:/application.yml)
	at org.springframework.boot.context.config.ConfigFileApplicationListener$Loader.load(ConfigFileApplicationListener.java:553)
	at org.springframework.boot.context.config.ConfigFileApplicationListener$Loader.loadForFileExtension(ConfigFileApplicationListener.java:498)
	at org.springframework.boot.context.config.ConfigFileApplicationListener$Loader.load(ConfigFileApplicationListener.java:468)
	at org.springframework.boot.context.config.ConfigFileApplicationListener$Loader.lambda$null$7(ConfigFileApplicationListener.java:447)
	at java.base/java.lang.Iterable.forEach(Iterable.java:75)
	at org.springframework.boot.context.config.ConfigFileApplicationListener$Loader.lambda$load$8(ConfigFileApplicationListener.java:447)
	at java.base/java.lang.Iterable.forEach(Iterable.java:75)
	at org.springframework.boot.context.config.ConfigFileApplicationListener$Loader.load(ConfigFileApplicationListener.java:444)
	at org.springframework.boot.context.config.ConfigFileApplicationListener$Loader.lambda$load$0(ConfigFileApplicationListener.java:347)
	at org.springframework.boot.context.config.FilteredPropertySource.apply(FilteredPropertySource.java:54)
	at org.springframework.boot.context.config.ConfigFileApplicationListener$Loader.load(ConfigFileApplicationListener.java:335)
	at org.springframework.boot.context.config.ConfigFileApplicationListener.addPropertySources(ConfigFileApplicationListener.java:226)
	at org.springframework.boot.context.config.ConfigFileApplicationListener.postProcessEnvironment(ConfigFileApplicationListener.java:210)
	at org.springframework.boot.context.config.ConfigFileApplicationListener.onApplicationEnvironmentPreparedEvent(ConfigFileApplicationListener.java:200)
	at org.springframework.boot.context.config.ConfigFileApplicationListener.onApplicationEvent(ConfigFileApplicationListener.java:188)
	at org.springframework.context.event.SimpleApplicationEventMulticaster.doInvokeListener(SimpleApplicationEventMulticaster.java:172)
	at org.springframework.context.event.SimpleApplicationEventMulticaster.invokeListener(SimpleApplicationEventMulticaster.java:165)
	at org.springframework.context.event.SimpleApplicationEventMulticaster.multicastEvent(SimpleApplicationEventMulticaster.java:139)
	at org.springframework.context.event.SimpleApplicationEventMulticaster.multicastEvent(SimpleApplicationEventMulticaster.java:127)
	at org.springframework.boot.context.event.EventPublishingRunListener.environmentPrepared(EventPublishingRunListener.java:80)
	at org.springframework.boot.SpringApplicationRunListeners.environmentPrepared(SpringApplicationRunListeners.java:53)
	at org.springframework.boot.SpringApplication.prepareEnvironment(SpringApplication.java:345)
	at org.springframework.boot.SpringApplication.run(SpringApplication.java:308)
	at org.springframework.boot.SpringApplication.run(SpringApplication.java:1237)
	at org.springframework.boot.SpringApplication.run(SpringApplication.java:1226)
	at com.carrito.compras.CarritoComprasApiApplication.main(CarritoComprasApiApplication.java:10)
	at java.base/jdk.internal.reflect.NativeMethodAccessorImpl.invoke0(Native Method)
	at java.base/jdk.internal.reflect.NativeMethodAccessorImpl.invoke(NativeMethodAccessorImpl.java:62)
	at java.base/jdk.internal.reflect.DelegatingMethodAccessorImpl.invoke(DelegatingMethodAccessorImpl.java:43)
	at java.base/java.lang.reflect.Method.invoke(Method.java:564)
	at org.springframework.boot.devtools.restart.RestartLauncher.run(RestartLauncher.java:49)
Caused by: while scanning a simple key
 in 'reader', line 17, column 5:
        show-strue
        ^
could not find expected ':'
 in 'reader', line 18, column 5:
        org.hibeengine.jdbc.env.internal ...
        ^

	at org.yaml.snakeyaml.scanner.ScannerImpl.stalePossibleSimpleKeys(ScannerImpl.java:464)
	at org.yaml.snakeyaml.scanner.ScannerImpl.needMoreTokens(ScannerImpl.java:278)
	at org.yaml.snakeyaml.scanner.ScannerImpl.checkToken(ScannerImpl.java:226)
	at org.yaml.snakeyaml.parser.ParserImpl$ParseBlockMappingKey.produce(ParserImpl.java:558)
	at org.yaml.snakeyaml.parser.ParserImpl.peekEvent(ParserImpl.java:158)
	at org.yaml.snakeyaml.parser.ParserImpl.checkEvent(ParserImpl.java:148)
	at org.yaml.snakeyaml.composer.Composer.composeMappingNode(Composer.java:235)
	at org.yaml.snakeyaml.composer.Composer.composeNode(Composer.java:162)
	at org.yaml.snakeyaml.composer.Composer.composeValueNode(Composer.java:257)
	at org.yaml.snakeyaml.composer.Composer.composeMappingChildren(Composer.java:248)
	at org.yaml.snakeyaml.composer.Composer.composeMappingNode(Composer.java:236)
	at org.yaml.snakeyaml.composer.Composer.composeNode(Composer.java:162)
	at org.yaml.snakeyaml.composer.Composer.composeValueNode(Composer.java:257)
	at org.yaml.snakeyaml.composer.Composer.composeMappingChildren(Composer.java:248)
	at org.yaml.snakeyaml.composer.Composer.composeMappingNode(Composer.java:236)
	at org.yaml.snakeyaml.composer.Composer.composeNode(Composer.java:162)
	at org.yaml.snakeyaml.composer.Composer.getNode(Composer.java:95)
	at org.yaml.snakeyaml.constructor.BaseConstructor.getData(BaseConstructor.java:134)
	at org.yaml.snakeyaml.Yaml$1.next(Yaml.java:494)
	at org.springframework.beans.factory.config.YamlProcessor.process(YamlProcessor.java:200)
	at org.springframework.beans.factory.config.YamlProcessor.process(YamlProcessor.java:164)
	at org.springframework.boot.env.OriginTrackedYamlLoader.load(OriginTrackedYamlLoader.java:82)
	at org.springframework.boot.env.YamlPropertySourceLoader.load(YamlPropertySourceLoader.java:50)
	at org.springframework.boot.context.config.ConfigFileApplicationListener$Loader.loadDocuments(ConfigFileApplicationListener.java:607)
	at org.springframework.boot.context.config.ConfigFileApplicationListener$Loader.load(ConfigFileApplicationListener.java:523)
	... 30 more
2020-10-24 10:41:20 INFO  DispatcherServlet:525 - Initializing Servlet 'dispatcherServlet'
2020-10-24 10:41:20 INFO  DispatcherServlet:547 - Completed initialization in 34 ms
2020-10-24 10:41:32 WARN  PageNotFound:209 - Request method 'GET' not supported
2020-10-24 10:41:32 WARN  ExceptionHandlerExceptionResolver:199 - Resolved [org.springframework.web.HttpRequestMethodNotSupportedException: Request method 'GET' not supported]
2020-10-24 10:44:34 WARN  PageNotFound:209 - Request method 'GET' not supported
2020-10-24 10:44:34 WARN  ExceptionHandlerExceptionResolver:199 - Resolved [org.springframework.web.HttpRequestMethodNotSupportedException: Request method 'GET' not supported]
